<?xml version="1.0" encoding="UTF-8"?>
<!-- Generated by org.testng.reporters.JUnitReportReporter -->
<testsuite name="page.TestHomeAmazon" tests="1" time="4.325" ignored="0" failures="0" timestamp="12 Jan 2017 00:55:23 GMT" skipped="0" hostname="ahouras-MacBook-Pro.local" errors="0">
  <testcase name="TestHome" time="4.325" classname="page.TestHomeAmazon"/>
</testsuite> <!-- page.TestHomeAmazon -->
